<?xml version="1.0" encoding="UTF-8"?>
<!-- Generated by org.testng.reporters.JUnitReportReporter -->
<testsuite hostname="MSI" failures="0" tests="1" name="QuckCheck.CheckFramework.AppDemo" time="12.555" errors="0" timestamp="2024-04-20T05:20:26 IST" skipped="0">
  <testcase classname="QuckCheck.CheckFramework.AppDemo" name="register" time="12.555"/>
</testsuite> <!-- QuckCheck.CheckFramework.AppDemo -->
